{"level":"INFO","time":"2025-04-07T18:35:52.801+0700","caller":"initialize/run.go:12","msg":"Config Log ok!!","ok":"success"}
{"level":"INFO","time":"2025-04-07T18:36:18.686+0700","caller":"initialize/run.go:12","msg":"Config Log ok!!","ok":"success"}
{"level":"INFO","time":"2025-04-07T18:36:24.927+0700","caller":"initialize/run.go:12","msg":"Config Log ok!!","ok":"success"}
{"level":"INFO","time":"2025-04-07T18:36:37.819+0700","caller":"initialize/run.go:12","msg":"Config Log ok!!","ok":"success"}
{"level":"INFO","time":"2025-04-07T18:48:19.751+0700","caller":"middlewares/logger.middleware.go:28","msg":"HTTP Request","status":200,"method":"GET","path":"/api/v1/me","clientIP":"::1","userAgent":"PostmanRuntime/7.43.3","userId":"948f3681-6794-4027-9a03-06b3c7a6ffa9","latency":0.479506084}
{"level":"INFO","time":"2025-04-07T18:48:23.665+0700","caller":"middlewares/logger.middleware.go:28","msg":"HTTP Request","status":200,"method":"GET","path":"/api/v1/me","clientIP":"::1","userAgent":"PostmanRuntime/7.43.3","userId":"948f3681-6794-4027-9a03-06b3c7a6ffa9","latency":0.326197083}
{"level":"INFO","time":"2025-04-07T18:48:28.379+0700","caller":"middlewares/logger.middleware.go:28","msg":"HTTP Request","status":200,"method":"GET","path":"/api/v1/me","clientIP":"::1","userAgent":"PostmanRuntime/7.43.3","userId":"948f3681-6794-4027-9a03-06b3c7a6ffa9","latency":0.523685625}
{"level":"INFO","time":"2025-04-07T18:56:20.943+0700","caller":"middlewares/logger.middleware.go:28","msg":"HTTP Request","status":200,"method":"GET","path":"/api/v1/me","clientIP":"::1","userAgent":"PostmanRuntime/7.43.3","userId":"948f3681-6794-4027-9a03-06b3c7a6ffa9","latency":0.445480458}
{"level":"INFO","time":"2025-04-07T18:56:22.996+0700","caller":"middlewares/logger.middleware.go:28","msg":"HTTP Request","status":200,"method":"GET","path":"/api/v1/me","clientIP":"::1","userAgent":"PostmanRuntime/7.43.3","userId":"948f3681-6794-4027-9a03-06b3c7a6ffa9","latency":0.405877166}
{"level":"INFO","time":"2025-04-07T19:30:40.395+0700","caller":"middlewares/logger.middleware.go:28","msg":"HTTP Request","status":400,"method":"POST","path":"/auth/register","clientIP":"::1","userAgent":"PostmanRuntime/7.43.3","userId":"","latency":0.345188708}
{"level":"INFO","time":"2025-04-07T19:31:22.574+0700","caller":"middlewares/logger.middleware.go:28","msg":"HTTP Request","status":401,"method":"GET","path":"/api/v1/me","clientIP":"::1","userAgent":"PostmanRuntime/7.43.3","userId":"","latency":0.000267167}
{"level":"INFO","time":"2025-04-07T19:31:28.349+0700","caller":"middlewares/logger.middleware.go:28","msg":"HTTP Request","status":200,"method":"POST","path":"/auth/login","clientIP":"::1","userAgent":"PostmanRuntime/7.43.3","userId":"","latency":0.879800875}
{"level":"INFO","time":"2025-04-07T19:31:33.485+0700","caller":"middlewares/logger.middleware.go:28","msg":"HTTP Request","status":400,"method":"POST","path":"/auth/register","clientIP":"::1","userAgent":"PostmanRuntime/7.43.3","userId":"","latency":0.286123208}
{"level":"INFO","time":"2025-04-07T19:32:25.900+0700","caller":"middlewares/logger.middleware.go:28","msg":"HTTP Request","status":400,"method":"POST","path":"/auth/register","clientIP":"::1","userAgent":"PostmanRuntime/7.43.3","userId":"","latency":0.334331834}
{"level":"INFO","time":"2025-04-07T19:32:40.870+0700","caller":"middlewares/logger.middleware.go:28","msg":"HTTP Request","status":200,"method":"POST","path":"/auth/register","clientIP":"::1","userAgent":"PostmanRuntime/7.43.3","userId":"","latency":1.066224083}
{"level":"INFO","time":"2025-04-07T19:32:55.692+0700","caller":"middlewares/logger.middleware.go:28","msg":"HTTP Request","status":200,"method":"POST","path":"/auth/register","clientIP":"::1","userAgent":"PostmanRuntime/7.43.3","userId":"","latency":1.266896875}
{"level":"INFO","time":"2025-04-07T20:03:43.635+0700","caller":"middlewares/logger.middleware.go:28","msg":"HTTP Request","status":404,"method":"GET","path":"/api/v1/post/c6c96f16-23fd-4df9-85d5-85afd34592bf","clientIP":"::1","userAgent":"PostmanRuntime/7.43.3","userId":"","latency":0.000073042}
{"level":"INFO","time":"2025-04-07T20:05:01.866+0700","caller":"middlewares/logger.middleware.go:28","msg":"HTTP Request","status":404,"method":"GET","path":"/api/v1/post/c6c96f16-23fd-4df9-85d5-85afd34592bf","clientIP":"::1","userAgent":"PostmanRuntime/7.43.3","userId":"","latency":0.0000295}
{"level":"INFO","time":"2025-04-07T20:05:05.955+0700","caller":"middlewares/logger.middleware.go:28","msg":"HTTP Request","status":404,"method":"GET","path":"/api/v1/post/c6c96f16-23fd-4df9-85d5-85afd34592bf","clientIP":"::1","userAgent":"PostmanRuntime/7.43.3","userId":"","latency":0.000004167}
{"level":"INFO","time":"2025-04-07T20:05:06.561+0700","caller":"middlewares/logger.middleware.go:28","msg":"HTTP Request","status":404,"method":"GET","path":"/api/v1/post/c6c96f16-23fd-4df9-85d5-85afd34592bf","clientIP":"::1","userAgent":"PostmanRuntime/7.43.3","userId":"","latency":0.000011333}
{"level":"INFO","time":"2025-04-07T20:06:40.378+0700","caller":"middlewares/logger.middleware.go:28","msg":"HTTP Request","status":404,"method":"GET","path":"/api/v1/posts/c6c96f16-23fd-4df9-85d5-85afd34592bf","clientIP":"::1","userAgent":"PostmanRuntime/7.43.3","userId":"","latency":0.000103708}
{"level":"INFO","time":"2025-04-07T20:07:10.438+0700","caller":"middlewares/logger.middleware.go:28","msg":"HTTP Request","status":200,"method":"GET","path":"/api/v1/posts/c6c96f16-23fd-4df9-85d5-85afd34592bf","clientIP":"::1","userAgent":"PostmanRuntime/7.43.3","userId":"a5942798-a6d1-4de1-ada3-c99c274454fa","latency":0.79549275}
{"level":"INFO","time":"2025-04-07T20:11:12.089+0700","caller":"middlewares/logger.middleware.go:28","msg":"HTTP Request","status":400,"method":"POST","path":"/api/v1/posts","clientIP":"::1","userAgent":"PostmanRuntime/7.43.3","userId":"a5942798-a6d1-4de1-ada3-c99c274454fa","latency":0.01310725}
{"level":"INFO","time":"2025-04-07T20:11:40.937+0700","caller":"middlewares/logger.middleware.go:28","msg":"HTTP Request","status":400,"method":"POST","path":"/api/v1/posts","clientIP":"::1","userAgent":"PostmanRuntime/7.43.3","userId":"a5942798-a6d1-4de1-ada3-c99c274454fa","latency":0.003327}
{"level":"INFO","time":"2025-04-07T20:11:45.214+0700","caller":"middlewares/logger.middleware.go:28","msg":"HTTP Request","status":400,"method":"POST","path":"/api/v1/posts","clientIP":"::1","userAgent":"PostmanRuntime/7.43.3","userId":"a5942798-a6d1-4de1-ada3-c99c274454fa","latency":0.002297917}
{"level":"INFO","time":"2025-04-07T20:12:45.248+0700","caller":"middlewares/logger.middleware.go:28","msg":"HTTP Request","status":201,"method":"POST","path":"/api/v1/posts","clientIP":"::1","userAgent":"PostmanRuntime/7.43.3","userId":"a5942798-a6d1-4de1-ada3-c99c274454fa","latency":1.420422958}
{"level":"INFO","time":"2025-04-07T20:12:55.321+0700","caller":"middlewares/logger.middleware.go:28","msg":"HTTP Request","status":401,"method":"POST","path":"/api/v1/posts","clientIP":"::1","userAgent":"PostmanRuntime/7.43.3","userId":"","latency":0.000045417}
{"level":"INFO","time":"2025-04-07T20:13:05.512+0700","caller":"middlewares/logger.middleware.go:28","msg":"HTTP Request","status":403,"method":"POST","path":"/api/v1/posts","clientIP":"::1","userAgent":"PostmanRuntime/7.43.3","userId":"","latency":0.00001975}
{"level":"INFO","time":"2025-04-07T20:14:03.230+0700","caller":"middlewares/logger.middleware.go:28","msg":"HTTP Request","status":200,"method":"GET","path":"/api/v1/posts/c6c96f16-23fd-4df9-85d5-85afd34592bf","clientIP":"::1","userAgent":"PostmanRuntime/7.43.3","userId":"a5942798-a6d1-4de1-ada3-c99c274454fa","latency":0.4850795}
{"level":"INFO","time":"2025-04-07T20:14:43.699+0700","caller":"middlewares/logger.middleware.go:28","msg":"HTTP Request","status":404,"method":"POST","path":"/api/v1/posts/c6c96f16-23fd-4df9-85d5-85afd34592bf","clientIP":"::1","userAgent":"PostmanRuntime/7.43.3","userId":"","latency":0.000006667}
{"level":"INFO","time":"2025-04-07T20:14:52.168+0700","caller":"middlewares/logger.middleware.go:28","msg":"HTTP Request","status":200,"method":"PUT","path":"/api/v1/posts/c6c96f16-23fd-4df9-85d5-85afd34592bf","clientIP":"::1","userAgent":"PostmanRuntime/7.43.3","userId":"a5942798-a6d1-4de1-ada3-c99c274454fa","latency":2.285161417}
{"level":"INFO","time":"2025-04-07T20:15:07.413+0700","caller":"middlewares/logger.middleware.go:28","msg":"HTTP Request","status":200,"method":"GET","path":"/api/v1/posts/c6c96f16-23fd-4df9-85d5-85afd34592bf","clientIP":"::1","userAgent":"PostmanRuntime/7.43.3","userId":"a5942798-a6d1-4de1-ada3-c99c274454fa","latency":0.207235542}
{"level":"INFO","time":"2025-04-07T20:16:16.450+0700","caller":"middlewares/logger.middleware.go:28","msg":"HTTP Request","status":200,"method":"DELETE","path":"/api/v1/posts/c6c96f16-23fd-4df9-85d5-85afd34592bf","clientIP":"::1","userAgent":"PostmanRuntime/7.43.3","userId":"a5942798-a6d1-4de1-ada3-c99c274454fa","latency":0.834884709}
{"level":"INFO","time":"2025-04-07T20:17:02.287+0700","caller":"middlewares/logger.middleware.go:28","msg":"HTTP Request","status":404,"method":"GET","path":"/api/v1/posts/c6c96f16-23fd-4df9-85d5-85afd34592bf","clientIP":"::1","userAgent":"PostmanRuntime/7.43.3","userId":"a5942798-a6d1-4de1-ada3-c99c274454fa","latency":0.071175708}
{"level":"INFO","time":"2025-04-07T20:17:19.283+0700","caller":"middlewares/logger.middleware.go:28","msg":"HTTP Request","status":404,"method":"PUT","path":"/api/v1/posts/c6c96f16-23fd-4df9-85d5-85afd34592bf","clientIP":"::1","userAgent":"PostmanRuntime/7.43.3","userId":"a5942798-a6d1-4de1-ada3-c99c274454fa","latency":0.0760145}
{"level":"INFO","time":"2025-04-07T20:17:27.306+0700","caller":"middlewares/logger.middleware.go:28","msg":"HTTP Request","status":201,"method":"POST","path":"/api/v1/posts","clientIP":"::1","userAgent":"PostmanRuntime/7.43.3","userId":"a5942798-a6d1-4de1-ada3-c99c274454fa","latency":0.277492542}
{"level":"INFO","time":"2025-04-07T20:17:32.870+0700","caller":"middlewares/logger.middleware.go:28","msg":"HTTP Request","status":201,"method":"POST","path":"/api/v1/posts","clientIP":"::1","userAgent":"PostmanRuntime/7.43.3","userId":"a5942798-a6d1-4de1-ada3-c99c274454fa","latency":0.41855075}
{"level":"INFO","time":"2025-04-07T20:17:33.806+0700","caller":"middlewares/logger.middleware.go:28","msg":"HTTP Request","status":201,"method":"POST","path":"/api/v1/posts","clientIP":"::1","userAgent":"PostmanRuntime/7.43.3","userId":"a5942798-a6d1-4de1-ada3-c99c274454fa","latency":0.404266959}
{"level":"INFO","time":"2025-04-07T20:17:34.951+0700","caller":"middlewares/logger.middleware.go:28","msg":"HTTP Request","status":201,"method":"POST","path":"/api/v1/posts","clientIP":"::1","userAgent":"PostmanRuntime/7.43.3","userId":"a5942798-a6d1-4de1-ada3-c99c274454fa","latency":0.385905291}
{"level":"INFO","time":"2025-04-07T20:17:36.058+0700","caller":"middlewares/logger.middleware.go:28","msg":"HTTP Request","status":201,"method":"POST","path":"/api/v1/posts","clientIP":"::1","userAgent":"PostmanRuntime/7.43.3","userId":"a5942798-a6d1-4de1-ada3-c99c274454fa","latency":0.4237685}
{"level":"INFO","time":"2025-04-07T20:17:47.363+0700","caller":"middlewares/logger.middleware.go:28","msg":"HTTP Request","status":201,"method":"POST","path":"/api/v1/posts","clientIP":"::1","userAgent":"PostmanRuntime/7.43.3","userId":"a5942798-a6d1-4de1-ada3-c99c274454fa","latency":1.382979875}
{"level":"INFO","time":"2025-04-07T20:18:06.321+0700","caller":"middlewares/logger.middleware.go:28","msg":"HTTP Request","status":201,"method":"POST","path":"/api/v1/posts","clientIP":"::1","userAgent":"PostmanRuntime/7.43.3","userId":"a5942798-a6d1-4de1-ada3-c99c274454fa","latency":1.13791075}
{"level":"INFO","time":"2025-04-07T20:19:30.132+0700","caller":"middlewares/logger.middleware.go:28","msg":"HTTP Request","status":404,"method":"GET","path":"/api/v1/posts/c6c96f16-23fd-4df9-85d5-85afd34592bf","clientIP":"::1","userAgent":"PostmanRuntime/7.43.3","userId":"a5942798-a6d1-4de1-ada3-c99c274454fa","latency":0.170690542}
{"level":"INFO","time":"2025-04-07T20:19:41.665+0700","caller":"middlewares/logger.middleware.go:28","msg":"HTTP Request","status":200,"method":"GET","path":"/api/v1/posts/da336aec-430e-43a4-aeb9-608a037d5fb6","clientIP":"::1","userAgent":"PostmanRuntime/7.43.3","userId":"a5942798-a6d1-4de1-ada3-c99c274454fa","latency":0.558170834}
{"level":"INFO","time":"2025-04-07T20:19:43.436+0700","caller":"middlewares/logger.middleware.go:28","msg":"HTTP Request","status":200,"method":"GET","path":"/api/v1/posts/da336aec-430e-43a4-aeb9-608a037d5fb6","clientIP":"::1","userAgent":"PostmanRuntime/7.43.3","userId":"a5942798-a6d1-4de1-ada3-c99c274454fa","latency":0.317522042}
{"level":"INFO","time":"2025-04-07T20:19:44.667+0700","caller":"middlewares/logger.middleware.go:28","msg":"HTTP Request","status":200,"method":"GET","path":"/api/v1/posts/da336aec-430e-43a4-aeb9-608a037d5fb6","clientIP":"::1","userAgent":"PostmanRuntime/7.43.3","userId":"a5942798-a6d1-4de1-ada3-c99c274454fa","latency":0.336482}
{"level":"INFO","time":"2025-04-07T20:19:46.037+0700","caller":"middlewares/logger.middleware.go:28","msg":"HTTP Request","status":200,"method":"GET","path":"/api/v1/posts/da336aec-430e-43a4-aeb9-608a037d5fb6","clientIP":"::1","userAgent":"PostmanRuntime/7.43.3","userId":"a5942798-a6d1-4de1-ada3-c99c274454fa","latency":0.433785125}
{"level":"INFO","time":"2025-04-07T20:19:53.605+0700","caller":"middlewares/logger.middleware.go:28","msg":"HTTP Request","status":200,"method":"GET","path":"/api/v1/posts/da336aec-430e-43a4-aeb9-608a037d5fb6","clientIP":"::1","userAgent":"PostmanRuntime/7.43.3","userId":"a5942798-a6d1-4de1-ada3-c99c274454fa","latency":0.295060417}
{"level":"INFO","time":"2025-04-07T20:26:24.298+0700","caller":"middlewares/logger.middleware.go:28","msg":"HTTP Request","status":201,"method":"POST","path":"/api/v1/posts","clientIP":"::1","userAgent":"PostmanRuntime/7.43.3","userId":"a5942798-a6d1-4de1-ada3-c99c274454fa","latency":1.711767208}
{"level":"INFO","time":"2025-04-07T20:26:35.368+0700","caller":"middlewares/logger.middleware.go:28","msg":"HTTP Request","status":200,"method":"GET","path":"/api/v1/posts/0dcc33d4-e65d-44b7-a6fc-9229ca2228b0","clientIP":"::1","userAgent":"PostmanRuntime/7.43.3","userId":"a5942798-a6d1-4de1-ada3-c99c274454fa","latency":0.748283458}
{"level":"INFO","time":"2025-04-07T20:29:19.182+0700","caller":"middlewares/logger.middleware.go:28","msg":"HTTP Request","status":200,"method":"GET","path":"/api/v1/posts/0dcc33d4-e65d-44b7-a6fc-9229ca2228b0","clientIP":"::1","userAgent":"PostmanRuntime/7.43.3","userId":"a5942798-a6d1-4de1-ada3-c99c274454fa","latency":0.449232958}
{"level":"INFO","time":"2025-04-07T20:30:40.739+0700","caller":"middlewares/logger.middleware.go:28","msg":"HTTP Request","status":500,"method":"POST","path":"/api/v1/interactions/like/0dcc33d4-e65d-44b7-a6fc-9229ca2228b0","clientIP":"::1","userAgent":"PostmanRuntime/7.43.3","userId":"a5942798-a6d1-4de1-ada3-c99c274454fa","latency":0.005722792}
{"level":"INFO","time":"2025-04-07T20:31:12.817+0700","caller":"middlewares/logger.middleware.go:28","msg":"HTTP Request","status":201,"method":"POST","path":"/api/v1/interactions/like/0dcc33d4-e65d-44b7-a6fc-9229ca2228b0","clientIP":"::1","userAgent":"PostmanRuntime/7.43.3","userId":"a5942798-a6d1-4de1-ada3-c99c274454fa","latency":1.133167833}
{"level":"INFO","time":"2025-04-07T20:31:22.070+0700","caller":"middlewares/logger.middleware.go:28","msg":"HTTP Request","status":500,"method":"POST","path":"/api/v1/interactions/like/0dcc33d4-e65d-44b7-a6fc-9229ca2228b0","clientIP":"::1","userAgent":"PostmanRuntime/7.43.3","userId":"a5942798-a6d1-4de1-ada3-c99c274454fa","latency":0.128722667}
{"level":"INFO","time":"2025-04-07T20:31:23.532+0700","caller":"middlewares/logger.middleware.go:28","msg":"HTTP Request","status":500,"method":"POST","path":"/api/v1/interactions/like/0dcc33d4-e65d-44b7-a6fc-9229ca2228b0","clientIP":"::1","userAgent":"PostmanRuntime/7.43.3","userId":"a5942798-a6d1-4de1-ada3-c99c274454fa","latency":0.177561125}
{"level":"INFO","time":"2025-04-07T20:32:32.818+0700","caller":"middlewares/logger.middleware.go:28","msg":"HTTP Request","status":500,"method":"POST","path":"/api/v1/interactions/like/0dcc33d4-e65d-44b7-a6fc-9229ca2228b0","clientIP":"::1","userAgent":"PostmanRuntime/7.43.3","userId":"a5942798-a6d1-4de1-ada3-c99c274454fa","latency":1.396902084}
{"level":"INFO","time":"2025-04-07T20:32:48.845+0700","caller":"middlewares/logger.middleware.go:28","msg":"HTTP Request","status":200,"method":"DELETE","path":"/api/v1/interactions/like/0dcc33d4-e65d-44b7-a6fc-9229ca2228b0","clientIP":"::1","userAgent":"PostmanRuntime/7.43.3","userId":"a5942798-a6d1-4de1-ada3-c99c274454fa","latency":0.253424709}
{"level":"INFO","time":"2025-04-07T20:32:52.180+0700","caller":"middlewares/logger.middleware.go:28","msg":"HTTP Request","status":201,"method":"POST","path":"/api/v1/interactions/like/0dcc33d4-e65d-44b7-a6fc-9229ca2228b0","clientIP":"::1","userAgent":"PostmanRuntime/7.43.3","userId":"a5942798-a6d1-4de1-ada3-c99c274454fa","latency":0.63285525}
{"level":"INFO","time":"2025-04-07T20:32:54.398+0700","caller":"middlewares/logger.middleware.go:28","msg":"HTTP Request","status":200,"method":"DELETE","path":"/api/v1/interactions/like/0dcc33d4-e65d-44b7-a6fc-9229ca2228b0","clientIP":"::1","userAgent":"PostmanRuntime/7.43.3","userId":"a5942798-a6d1-4de1-ada3-c99c274454fa","latency":0.059672667}
{"level":"INFO","time":"2025-04-07T20:32:56.771+0700","caller":"middlewares/logger.middleware.go:28","msg":"HTTP Request","status":401,"method":"POST","path":"/api/v1/interactions/like/0dcc33d4-e65d-44b7-a6fc-9229ca2228b0","clientIP":"::1","userAgent":"PostmanRuntime/7.43.3","userId":"","latency":0.000051583}
{"level":"INFO","time":"2025-04-07T20:33:00.640+0700","caller":"middlewares/logger.middleware.go:28","msg":"HTTP Request","status":401,"method":"POST","path":"/api/v1/interactions/like/0dcc33d4-e65d-44b7-a6fc-9229ca2228b0","clientIP":"::1","userAgent":"PostmanRuntime/7.43.3","userId":"","latency":0.000051042}
{"level":"INFO","time":"2025-04-07T20:33:09.318+0700","caller":"middlewares/logger.middleware.go:28","msg":"HTTP Request","status":200,"method":"POST","path":"/auth/login","clientIP":"::1","userAgent":"PostmanRuntime/7.43.3","userId":"","latency":2.285253959}
{"level":"INFO","time":"2025-04-07T20:33:17.533+0700","caller":"middlewares/logger.middleware.go:28","msg":"HTTP Request","status":201,"method":"POST","path":"/api/v1/interactions/like/0dcc33d4-e65d-44b7-a6fc-9229ca2228b0","clientIP":"::1","userAgent":"PostmanRuntime/7.43.3","userId":"948f3681-6794-4027-9a03-06b3c7a6ffa9","latency":0.807193917}
{"level":"INFO","time":"2025-04-07T20:33:20.439+0700","caller":"middlewares/logger.middleware.go:28","msg":"HTTP Request","status":200,"method":"DELETE","path":"/api/v1/interactions/like/0dcc33d4-e65d-44b7-a6fc-9229ca2228b0","clientIP":"::1","userAgent":"PostmanRuntime/7.43.3","userId":"948f3681-6794-4027-9a03-06b3c7a6ffa9","latency":0.335366541}
{"level":"INFO","time":"2025-04-07T20:37:08.888+0700","caller":"middlewares/logger.middleware.go:28","msg":"HTTP Request","status":200,"method":"GET","path":"/api/v1/me","clientIP":"::1","userAgent":"PostmanRuntime/7.43.3","userId":"948f3681-6794-4027-9a03-06b3c7a6ffa9","latency":0.840066583}
{"level":"INFO","time":"2025-04-07T20:39:19.497+0700","caller":"middlewares/logger.middleware.go:28","msg":"HTTP Request","status":200,"method":"GET","path":"/api/v1/posts/0dcc33d4-e65d-44b7-a6fc-9229ca2228b0","clientIP":"::1","userAgent":"PostmanRuntime/7.43.3","userId":"948f3681-6794-4027-9a03-06b3c7a6ffa9","latency":1.927455875}
{"level":"INFO","time":"2025-04-07T20:39:29.102+0700","caller":"middlewares/logger.middleware.go:28","msg":"HTTP Request","status":200,"method":"GET","path":"/api/v1/posts/0dcc33d4-e65d-44b7-a6fc-9229ca2228b0","clientIP":"::1","userAgent":"PostmanRuntime/7.43.3","userId":"948f3681-6794-4027-9a03-06b3c7a6ffa9","latency":0.317583125}
{"level":"INFO","time":"2025-04-07T20:39:43.795+0700","caller":"middlewares/logger.middleware.go:28","msg":"HTTP Request","status":201,"method":"POST","path":"/api/v1/posts","clientIP":"::1","userAgent":"PostmanRuntime/7.43.3","userId":"948f3681-6794-4027-9a03-06b3c7a6ffa9","latency":1.780288875}
{"level":"INFO","time":"2025-04-07T20:44:48.576+0700","caller":"middlewares/logger.middleware.go:28","msg":"HTTP Request","status":200,"method":"GET","path":"/api/v1/posts/0dcc33d4-e65d-44b7-a6fc-9229ca2228b0","clientIP":"::1","userAgent":"PostmanRuntime/7.43.3","userId":"948f3681-6794-4027-9a03-06b3c7a6ffa9","latency":0.711755417}
{"level":"INFO","time":"2025-04-07T20:46:56.607+0700","caller":"middlewares/logger.middleware.go:28","msg":"HTTP Request","status":200,"method":"GET","path":"/api/v1/posts/0dcc33d4-e65d-44b7-a6fc-9229ca2228b0","clientIP":"::1","userAgent":"PostmanRuntime/7.43.3","userId":"948f3681-6794-4027-9a03-06b3c7a6ffa9","latency":1.314083542}
{"level":"INFO","time":"2025-04-07T21:10:22.711+0700","caller":"middlewares/logger.middleware.go:28","msg":"HTTP Request","status":200,"method":"POST","path":"/auth/login","clientIP":"::1","userAgent":"PostmanRuntime/7.43.3","userId":"","latency":4.660847916}
{"level":"INFO","time":"2025-04-07T21:10:28.529+0700","caller":"middlewares/logger.middleware.go:28","msg":"HTTP Request","status":200,"method":"GET","path":"/api/v1/me","clientIP":"::1","userAgent":"PostmanRuntime/7.43.3","userId":"948f3681-6794-4027-9a03-06b3c7a6ffa9","latency":1.494628333}
{"level":"INFO","time":"2025-04-07T21:10:54.103+0700","caller":"middlewares/logger.middleware.go:28","msg":"HTTP Request","status":200,"method":"POST","path":"/auth/login","clientIP":"::1","userAgent":"PostmanRuntime/7.43.3","userId":"","latency":5.606747375}
{"level":"INFO","time":"2025-04-07T21:11:12.817+0700","caller":"middlewares/logger.middleware.go:28","msg":"HTTP Request","status":401,"method":"GET","path":"/api/v1/me","clientIP":"::1","userAgent":"PostmanRuntime/7.43.3","userId":"a5942798-a6d1-4de1-ada3-c99c274454fa","latency":1.3636745}
{"level":"INFO","time":"2025-04-07T21:11:58.465+0700","caller":"middlewares/logger.middleware.go:28","msg":"HTTP Request","status":401,"method":"GET","path":"/api/v1/me","clientIP":"::1","userAgent":"PostmanRuntime/7.43.3","userId":"a5942798-a6d1-4de1-ada3-c99c274454fa","latency":0.910655458}
